<?xml version="1.0" encoding="UTF-8"?>
<testsuite xmlns:xsi="http://www.w3.org/2001/XMLSchema-instance" xsi:noNamespaceSchemaLocation="https://maven.apache.org/surefire/maven-surefire-plugin/xsd/surefire-test-report.xsd" version="3.0.2" name="org.example.tutorial6.Tutorial6ApplicationTests" time="7.495" tests="1" errors="0" skipped="0" failures="0">
  <properties>
[...]
</properties>
  <testcase name="contextLoads" classname="org.example.tutorial6.Tutorial6ApplicationTests" time="2.003">
    <system-out><![CDATA[10:25:07.631 [main] INFO org.springframework.test.context.support.AnnotationConfigContextLoaderUtils -- Could not detect default configuration classes for test class [org.example.tutorial6.Tutorial6ApplicationTests]: Tutorial6ApplicationTests does not declare any static, non-private, non-final, nested classes annotated with @Configuration.
10:25:07.998 [main] INFO org.springframework.boot.test.context.SpringBootTestContextBootstrapper -- Found @SpringBootConfiguration org.example.tutorial6.Tutorial6Application for test class org.example.tutorial6.Tutorial6ApplicationTests
10:25:08.684 [main] INFO org.springframework.boot.devtools.restart.RestartApplicationListener -- Restart disabled due to context in which it is running
      ____   ___  __ ______ _____
     |___ \ / _ \/_ |____  | ____|
  ___  __) | | | || |   / /| |__
 / __||__ <| | | || |  / / |___ \
 \__ \___) | |_| || | / /   ___) |
 |___/____/ \___/ |_|/_/   |____/

2025-04-11T10:25:09.659+02:00  INFO 5652 --- [tutorial6] [           main] o.e.tutorial6.Tutorial6ApplicationTests  : Starting Tutorial6ApplicationTests using Java 22.0.1 with PID 5652 (started by s30175 in Z:\Distributed Programming Techniques\Code\tutorial6)
2025-04-11T10:25:09.700+02:00  INFO 5652 --- [tutorial6] [           main] o.e.tutorial6.Tutorial6ApplicationTests  : No active profile set, falling back to 1 default profile: "default"
2025-04-11T10:25:11.907+02:00  INFO 5652 --- [tutorial6] [           main] o.s.b.a.w.s.WelcomePageHandlerMapping    : Adding welcome page template: index
2025-04-11T10:25:12.640+02:00  INFO 5652 --- [tutorial6] [           main] o.e.tutorial6.Tutorial6ApplicationTests  : Started Tutorial6ApplicationTests in 4.009 seconds (process running for 6.2)
]]></system-out>
    <system-err><![CDATA[Mockito is currently self-attaching to enable the inline-mock-maker. This will no longer work in future releases of the JDK. Please add Mockito as an agent to your build what is described in Mockito's documentation: https://javadoc.io/doc/org.mockito/mockito-core/latest/org/mockito/Mockito.html#0.3
WARNING: A Java agent has been loaded dynamically (C:\Users\s30175\.m2\repository\net\bytebuddy\byte-buddy-agent\1.15.11\byte-buddy-agent-1.15.11.jar)
WARNING: If a serviceability tool is in use, please run with -XX:+EnableDynamicAgentLoading to hide this warning
WARNING: If a serviceability tool is not in use, please run with -Djdk.instrument.traceUsage for more information
WARNING: Dynamic loading of agents will be disallowed by default in a future release
]]></system-err>
  </testcase>
</testsuite>